c:\users\encrypted user\desktop\source yes yes yes\imgui standalone\x64\release\vc143.pdb
c:\users\encrypted user\desktop\source yes yes yes\imgui standalone\x64\release\ui.obj
c:\users\encrypted user\desktop\source yes yes yes\imgui standalone\x64\release\spoof.obj
c:\users\encrypted user\desktop\source yes yes yes\imgui standalone\x64\release\main.obj
c:\users\encrypted user\desktop\source yes yes yes\imgui standalone\x64\release\imgui_widgets.obj
c:\users\encrypted user\desktop\source yes yes yes\imgui standalone\x64\release\imgui_tables.obj
c:\users\encrypted user\desktop\source yes yes yes\imgui standalone\x64\release\imgui_impl_win32.obj
c:\users\encrypted user\desktop\source yes yes yes\imgui standalone\x64\release\imgui_impl_dx11.obj
c:\users\encrypted user\desktop\source yes yes yes\imgui standalone\x64\release\imgui_draw.obj
c:\users\encrypted user\desktop\source yes yes yes\imgui standalone\x64\release\imgui_demo.obj
c:\users\encrypted user\desktop\source yes yes yes\imgui standalone\x64\release\imgui.obj
c:\users\encrypted user\desktop\source yes yes yes\x64\release\imgui standalone.exe
c:\users\encrypted user\desktop\source yes yes yes\imgui standalone\x64\release\imgui standalone.ipdb
c:\users\encrypted user\desktop\source yes yes yes\x64\release\imgui standalone.pdb
c:\users\encrypted user\desktop\source yes yes yes\imgui standalone\x64\release\imgui standalone.iobj
c:\users\encrypted user\desktop\source yes yes yes\imgui standalone\x64\release\imgui standalone.tlog\cl.command.1.tlog
c:\users\encrypted user\desktop\source yes yes yes\imgui standalone\x64\release\imgui standalone.tlog\cl.read.1.tlog
c:\users\encrypted user\desktop\source yes yes yes\imgui standalone\x64\release\imgui standalone.tlog\cl.write.1.tlog
c:\users\encrypted user\desktop\source yes yes yes\imgui standalone\x64\release\imgui standalone.tlog\link.command.1.tlog
c:\users\encrypted user\desktop\source yes yes yes\imgui standalone\x64\release\imgui standalone.tlog\link.read.1.tlog
c:\users\encrypted user\desktop\source yes yes yes\imgui standalone\x64\release\imgui standalone.tlog\link.write.1.tlog
